2021-07-07 15:24:41,458 - __main__ - INFO - Main Entry 1
2021-07-07 15:24:42,221 - __main__ - WARNING - module 'IQexp' has no attribute 'stock_mm'
2021-07-07 15:24:42,221 - __main__ - WARNING - [<class 'AttributeError'>, 'exp_#1.py', 76]
2021-07-07 15:24:44,300 - Internet_protocols - INFO - Mail sent Error
2021-07-07 15:24:57,710 - __main__ - INFO - Main Entry 2
2021-07-07 15:26:19,783 - __main__ - INFO - Main Entry 3
2021-07-07 15:27:17,643 - __main__ - INFO - Main Entry 4
2021-07-07 15:28:38,839 - __main__ - INFO - Main Entry 5
2021-07-16 14:49:19,750 - __main__ - INFO - Main Entry 6
2021-07-16 14:49:26,008 - __main__ - WARNING - name 'operator' is not defined
2021-07-16 14:49:26,009 - __main__ - WARNING - [<class 'NameError'>, 'exp_#1.py', 107]
2021-07-16 14:49:28,226 - Internet_protocols - INFO - Mail sent Error
2021-07-16 14:50:13,690 - __main__ - INFO - Main Entry 7
2021-07-16 14:50:42,184 - __main__ - INFO - Main Entry 8
2021-07-16 14:54:56,156 - __main__ - INFO - Main Entry 9
2021-07-16 14:58:18,213 - __main__ - INFO - Main Entry 10
2021-07-16 15:11:18,271 - __main__ - INFO - Main Entry 11
2021-07-16 15:11:34,195 - __main__ - WARNING - descriptor 'timestamp' for 'datetime.datetime' objects doesn't apply to a 'datetime.date' object
2021-07-16 15:11:34,196 - __main__ - WARNING - [<class 'TypeError'>, 'exp_#1.py', 110]
2021-07-16 15:11:37,058 - Internet_protocols - INFO - Mail sent Error
2021-07-16 15:13:09,034 - __main__ - INFO - Main Entry 12
2021-07-16 15:13:17,400 - __main__ - WARNING - Tuple or struct_time argument required
2021-07-16 15:13:17,400 - __main__ - WARNING - [<class 'TypeError'>, 'exp_#1.py', 111]
2021-07-16 15:13:19,862 - Internet_protocols - INFO - Mail sent Error
2021-07-16 15:13:41,605 - __main__ - INFO - Main Entry 13
2021-07-16 15:15:52,898 - __main__ - INFO - Main Entry 14
2021-07-16 15:16:59,386 - __main__ - INFO - Main Entry 15
2021-07-16 15:17:18,897 - __main__ - INFO - Main Entry 16
2021-07-16 15:23:15,533 - __main__ - INFO - Main Entry 17
2021-07-16 15:25:27,504 - __main__ - INFO - Main Entry 18
2021-07-16 15:28:22,361 - __main__ - INFO - Main Entry 19
2021-07-16 15:28:50,054 - __main__ - INFO - Main Entry 20
2021-07-16 15:38:22,638 - __main__ - INFO - Main Entry 21
2021-07-16 15:41:44,162 - __main__ - INFO - Main Entry 22
2021-07-16 15:46:19,136 - __main__ - INFO - Main Entry 23
2021-07-16 15:46:52,422 - __main__ - INFO - Main Entry 24
2021-07-16 15:48:18,654 - __main__ - INFO - Main Entry 25
2021-07-16 15:51:27,323 - __main__ - INFO - Main Entry 26
2021-07-16 15:52:30,292 - __main__ - INFO - Main Entry 27
2021-07-16 15:59:36,449 - __main__ - INFO - Main Entry 28
2021-07-16 15:59:45,267 - __main__ - WARNING - 'float' object is not subscriptable
2021-07-16 15:59:45,267 - __main__ - WARNING - [<class 'TypeError'>, 'exp_#1.py', 121]
2021-07-16 15:59:47,540 - Internet_protocols - WARNING - Email went wrong...
2021-07-16 15:59:47,541 - Internet_protocols - WARNING - (534, b'5.7.14 <https://accounts.google.com/signin/continue?sarp=1&scc=1&plt=AKgnsbt\n5.7.14 gppY-UHWw6n6cpBlrwPKi_66cYluVMizHCKCh9OBzyZ6a7GXDEB4RTcuUcu0TDIq6x1bv\n5.7.14 eATlx-5HqN3VHXAOrwkFs8rwPkhYbWQojugIp7GkiNq1KIvnGkY2OrDlkVZGxANZ>\n5.7.14 Please log in via your web browser and then try again.\n5.7.14  Learn more at\n5.7.14  https://support.google.com/mail/answer/78754 cw24sm3681801edb.13 - gsmtp')
2021-07-16 16:00:22,329 - __main__ - INFO - Main Entry 29
2021-07-16 16:00:41,393 - __main__ - INFO - Main Entry 30
2021-07-16 16:09:40,987 - __main__ - INFO - Main Entry 31
2021-07-16 16:54:31,136 - __main__ - INFO - Main Entry 32
2021-07-16 16:55:25,484 - __main__ - INFO - Main Entry 33
2021-07-16 16:57:00,494 - __main__ - INFO - Main Entry 34
2021-07-16 16:58:49,789 - __main__ - INFO - Main Entry 35
2021-07-16 17:02:01,305 - __main__ - INFO - Main Entry 36
2021-07-16 17:02:44,101 - __main__ - INFO - Main Entry 37
2021-07-16 20:34:17,099 - __main__ - INFO - Main Entry 38
2021-07-16 21:30:36,079 - __main__ - INFO - Main Entry 39
2021-07-16 21:33:08,079 - __main__ - INFO - Main Entry 40
2021-07-16 21:36:30,593 - __main__ - INFO - Main Entry 41
2021-07-16 22:04:08,474 - __main__ - INFO - Main Entry 42
2021-07-16 22:19:40,376 - __main__ - INFO - Main Entry 43
2021-07-16 23:24:38,417 - __main__ - INFO - Main Entry 44
2021-07-17 12:52:24,830 - __main__ - INFO - Main Entry 45
2021-07-17 13:13:18,370 - __main__ - INFO - 

2021-07-17 13:13:18,370 - __main__ - INFO - 1045
2021-07-17 13:40:58,287 - __main__ - INFO - Main Entry 46
2021-07-17 14:02:17,231 - __main__ - INFO - 

2021-07-17 14:02:17,231 - __main__ - INFO - 1141
2021-07-17 14:05:08,354 - __main__ - INFO - Main Entry 47
2021-07-17 14:42:35,336 - __main__ - INFO - Main Entry 48
2021-07-17 14:42:52,596 - __main__ - INFO - Main Entry 49
2021-07-17 15:04:29,502 - __main__ - INFO - 

2021-07-17 15:04:29,503 - __main__ - INFO - 974
2021-07-17 15:17:50,562 - __main__ - INFO - Main Entry 50
2021-07-17 15:39:34,693 - __main__ - INFO - 

2021-07-17 15:39:34,694 - __main__ - INFO - 913
2021-07-17 15:42:43,115 - __main__ - INFO - Main Entry 51
2021-07-17 16:02:45,006 - __main__ - INFO - 

2021-07-17 16:02:45,006 - __main__ - INFO - 40
2021-07-17 17:07:54,858 - __main__ - INFO - Main Entry 52
2021-07-17 17:27:55,793 - __main__ - INFO - 

2021-07-17 17:27:55,793 - __main__ - INFO - 56
2021-07-17 18:07:47,753 - __main__ - INFO - Main Entry 53
2021-07-17 19:29:28,609 - __main__ - INFO - Main Entry 54
2021-07-17 19:49:13,789 - __main__ - INFO - 

2021-07-17 19:49:13,789 - __main__ - INFO - 70
2021-07-17 23:05:45,295 - __main__ - INFO - Main Entry 55
2021-07-17 23:25:21,971 - __main__ - INFO - Main Entry 56
2021-07-17 23:27:20,906 - __main__ - INFO - 

2021-07-17 23:27:20,906 - __main__ - INFO - 63
2021-07-17 23:27:21,976 - __main__ - INFO - Main Entry 57
2021-07-17 23:27:34,300 - __main__ - INFO - Main Entry 58
2021-07-17 23:27:46,749 - __main__ - INFO - Main Entry 59
2021-07-30 16:28:01,338 - __main__ - INFO - Main Entry 60
2021-07-30 16:31:10,998 - __main__ - INFO - Main Entry 61
2021-07-30 16:41:04,726 - __main__ - INFO - Main Entry 62
2021-07-30 16:58:45,322 - __main__ - INFO - Main Entry 63
2021-07-30 16:58:56,461 - __main__ - ERROR - name 'count' is not defined
Traceback (most recent call last):
  File "c:\Users\HP\Documents\repos\Ripple_3.0\he\exp_#3.py", line 148, in <module>
    past_time_vol_assets = past_time_vol_assets[:count] + [(f, volatility)] + past_time_vol_assets[count:]
NameError: name 'count' is not defined
2021-07-30 16:58:56,462 - __main__ - ERROR - [<class 'NameError'>, 'exp_#3.py', 148]
Traceback (most recent call last):
  File "c:\Users\HP\Documents\repos\Ripple_3.0\he\exp_#3.py", line 148, in <module>
    past_time_vol_assets = past_time_vol_assets[:count] + [(f, volatility)] + past_time_vol_assets[count:]
NameError: name 'count' is not defined
2021-07-30 16:58:57,969 - Internet_protocols - INFO - Mail sent Error
2021-07-30 16:59:04,509 - __main__ - INFO - Main Entry 64
2021-07-30 18:57:59,526 - __main__ - INFO - Main Entry 65
2021-07-30 18:58:53,789 - __main__ - INFO - Main Entry 66
2021-07-31 22:13:19,681 - __main__ - INFO - Main Entry 67
2021-07-31 22:15:21,453 - __main__ - INFO - Main Entry 68
2021-07-31 22:16:37,571 - __main__ - INFO - Main Entry 69
2021-07-31 22:16:55,277 - __main__ - INFO - Main Entry 70
2021-07-31 22:18:01,272 - __main__ - INFO - Main Entry 71
2021-07-31 22:52:04,966 - __main__ - INFO - Main Entry 72
2021-07-31 23:14:02,898 - __main__ - INFO - 

2021-07-31 23:14:02,899 - __main__ - INFO - 70
2021-07-31 23:18:34,901 - __main__ - INFO - Main Entry 73
2021-07-31 23:27:02,513 - __main__ - INFO - Main Entry 74
2021-07-31 23:47:50,768 - __main__ - INFO - 

2021-07-31 23:47:50,768 - __main__ - INFO - 62
2021-07-31 23:50:30,906 - __main__ - INFO - Main Entry 75
2021-07-31 23:53:03,600 - __main__ - INFO - Main Entry 76
2021-08-01 00:14:10,310 - __main__ - INFO - 

2021-08-01 00:14:10,310 - __main__ - INFO - 62
2021-08-01 00:21:12,965 - __main__ - INFO - Main Entry 77
2021-08-01 00:25:51,492 - __main__ - INFO - Main Entry 78
2021-08-01 00:46:32,940 - __main__ - INFO - 

2021-08-01 00:46:32,941 - __main__ - INFO - 81
2021-08-01 10:00:08,897 - __main__ - INFO - Main Entry 79
2021-08-01 10:20:55,704 - __main__ - INFO - 

2021-08-01 10:20:55,705 - __main__ - INFO - 96
2021-08-12 12:29:48,935 - __main__ - INFO - Main Entry 80
2021-08-12 12:37:58,203 - __main__ - INFO - Main Entry 81
2021-08-12 12:40:56,069 - __main__ - INFO - Main Entry 82
2021-08-12 13:11:36,856 - __main__ - INFO - Main Entry 83
2021-08-12 13:33:48,328 - __main__ - INFO - Main Entry 84
2021-08-12 13:34:06,781 - __main__ - INFO - 

2021-08-12 13:34:06,781 - __main__ - INFO - 96
2021-08-12 13:35:50,566 - __main__ - INFO - Main Entry 85
2021-08-12 13:43:42,774 - __main__ - INFO - Main Entry 86
2021-08-12 13:43:52,239 - __main__ - ERROR - unsupported operand type(s) for +=: 'int' and 'NoneType'
Traceback (most recent call last):
  File "C:\Users\HP\Documents\repos\Ripple_3.0\he\exp_#5.py", line 102, in <module>
    mean += candle.get("closed")
TypeError: unsupported operand type(s) for +=: 'int' and 'NoneType'
2021-08-12 13:43:52,239 - __main__ - ERROR - [<class 'TypeError'>, 'exp_#5.py', 102]
Traceback (most recent call last):
  File "C:\Users\HP\Documents\repos\Ripple_3.0\he\exp_#5.py", line 102, in <module>
    mean += candle.get("closed")
TypeError: unsupported operand type(s) for +=: 'int' and 'NoneType'
2021-08-12 13:43:54,124 - Internet_protocols - INFO - Mail sent Error
2021-08-12 13:44:13,396 - __main__ - INFO - Main Entry 87
2021-08-12 13:45:08,733 - __main__ - INFO - Main Entry 88
2021-08-12 13:49:14,732 - __main__ - INFO - Main Entry 89
2021-08-12 13:57:31,666 - __main__ - INFO - Main Entry 90
2021-08-12 13:57:40,953 - __main__ - ERROR - unsupported operand type(s) for -: 'NoneType' and 'NoneType'
Traceback (most recent call last):
  File "C:\Users\HP\Documents\repos\Ripple_3.0\he\exp_#5.py", line 109, in <module>
    per_l.append((candle.get(max)-candle.get(min))/candle.get('max'))
TypeError: unsupported operand type(s) for -: 'NoneType' and 'NoneType'
2021-08-12 13:57:40,953 - __main__ - ERROR - [<class 'TypeError'>, 'exp_#5.py', 109]
Traceback (most recent call last):
  File "C:\Users\HP\Documents\repos\Ripple_3.0\he\exp_#5.py", line 109, in <module>
    per_l.append((candle.get(max)-candle.get(min))/candle.get('max'))
TypeError: unsupported operand type(s) for -: 'NoneType' and 'NoneType'
2021-08-12 13:57:42,543 - Internet_protocols - INFO - Mail sent Error
2021-08-12 13:58:05,771 - __main__ - INFO - Main Entry 91
2021-08-20 12:49:04,606 - __main__ - INFO - Main Entry 92
2021-08-20 12:51:07,914 - __main__ - INFO - Main Entry 93
2021-08-20 12:51:32,604 - __main__ - INFO - Main Entry 94
2021-08-20 13:43:06,761 - __main__ - INFO - Main Entry 95
